<?xml version="1.0" encoding="UTF-8"?>
<!-- Generated by org.testng.reporters.JUnitXMLReporter -->
<testsuite ignored="0" hostname="INLN56579511A" failures="1" tests="1" name="API_DELETE" time="1.01" errors="0" timestamp="2022-04-01T11:25:16 IST">
  <testcase classname="selenium.features.app.main.tests.API_Test_MOD_3" name="test_api_get" time="1.003">
    <failure type="java.lang.AssertionError" message="expected [204] but found [404]">
      <![CDATA[java.lang.AssertionError: expected [204] but found [404]
at selenium.features.app.main.tests.API_Test_MOD_3.test_api_get(API_Test_MOD_3.java:20)
at java.base/java.util.ArrayList.forEach(ArrayList.java:1511)
... Removed 33 stack frames]]>
    </failure>
  </testcase> <!-- test_api_get -->
</testsuite> <!-- API_DELETE -->
