<?xml version="1.0" encoding="UTF-8"?>
<!-- Generated by org.testng.reporters.JUnitXMLReporter -->
<testsuite ignored="1" hostname="INLN56579511A" failures="0" tests="1" name="Default test" time="5.163" errors="0" timestamp="2022-03-31T16:36:22 IST">
  <testcase classname="selenium.features.app.main.tests.API_Request_Test_lambook_juneau" name="verify_api_get" time="5.074"/>
  <testcase classname="selenium.features.app.main.tests.API_Request_Test_lambook_juneau" name="test_api" time="0.0">
    <ignored/>
  </testcase> <!-- test_api -->
</testsuite> <!-- Default test -->
