<?xml version="1.0" encoding="UTF-8"?>
<testng-results ignored="1" total="2" passed="1" failed="0" skipped="0">
  <reporter-output>
  </reporter-output>
  <suite started-at="2022-03-31T16:36:17 IST" name="Default suite" finished-at="2022-03-31T16:36:22 IST" duration-ms="5163">
    <groups>
    </groups>
    <test started-at="2022-03-31T16:36:17 IST" name="Default test" finished-at="2022-03-31T16:36:22 IST" duration-ms="5163">
      <class name="selenium.features.app.main.tests.API_Request_Test_lambook_juneau">
        <test-method signature="verify_api_get()[pri:0, instance:selenium.features.app.main.tests.API_Request_Test_lambook_juneau@23c30a20]" started-at="2022-03-31T16:36:17 IST" name="verify_api_get" finished-at="2022-03-31T16:36:22 IST" duration-ms="5074" status="PASS">
          <reporter-output>
          </reporter-output>
        </test-method> <!-- verify_api_get -->
      </class> <!-- selenium.features.app.main.tests.API_Request_Test_lambook_juneau -->
    </test> <!-- Default test -->
  </suite> <!-- Default suite -->
</testng-results>
